2025-03-13 15:38:55,204 p=42008 u=gelber n=ansible | srv-app01 | FAILED! => {
    "msg": "The field 'become_pass' has an invalid value, which includes an undefined variable. The error was: 'ansible_sudo_pass' is undefined. 'ansible_sudo_pass' is undefined. 'ansible_sudo_pass' is undefined. 'ansible_sudo_pass' is undefined"
}
2025-03-13 15:39:07,620 p=42057 u=gelber n=ansible | srv-app01 | FAILED! => {
    "msg": "The field 'become_pass' has an invalid value, which includes an undefined variable. The error was: 'ansible_sudo_pass' is undefined. 'ansible_sudo_pass' is undefined. 'ansible_sudo_pass' is undefined. 'ansible_sudo_pass' is undefined"
}
2025-03-13 15:39:32,648 p=42172 u=gelber n=ansible | srv-app01 | FAILED! => {
    "msg": "The field 'become_pass' has an invalid value, which includes an undefined variable. The error was: 'ansible_sudo_pass' is undefined. 'ansible_sudo_pass' is undefined. 'ansible_sudo_pass' is undefined. 'ansible_sudo_pass' is undefined"
}
2025-03-13 15:56:48,377 p=47734 u=gelber n=ansible | [WARNING]: inventory/group_vars/all does not exist, creating...

2025-03-13 15:59:59,531 p=48639 u=gelber n=ansible | ERROR! Attempting to decrypt but no vault secrets found
2025-03-13 16:00:07,533 p=48669 u=gelber n=ansible | {
    "_meta": {
        "hostvars": {
            "srv-app01": {
                "ansible_become": true,
                "ansible_become_method": "sudo",
                "ansible_host": "10.2.100.41",
                "ansible_sudo_pass": "vagrant",
                "ansible_user": "adm_far"
            }
        }
    },
    "all": {
        "children": [
            "ungrouped",
            "linux"
        ]
    },
    "linux": {
        "hosts": [
            "srv-app01"
        ]
    }
}
2025-03-13 16:04:06,887 p=49928 u=gelber n=ansible | {
    "_meta": {
        "hostvars": {
            "srv-app01": {
                "ansible_become": true,
                "ansible_become_method": "sudo",
                "ansible_host": "10.2.100.41",
                "ansible_sudo_pass": "vagrant",
                "ansible_user": "adm_far"
            }
        }
    },
    "all": {
        "children": [
            "ungrouped",
            "linux"
        ]
    },
    "linux": {
        "hosts": [
            "srv-app01"
        ]
    }
}
2025-03-13 16:06:28,679 p=50585 u=gelber n=ansible | [WARNING]:  * Failed to parse /home/gelber/local-git-projects/ctc-tech/ocs-inv_ansible-
homolog/inventory/hosts.csv with ini plugin: /home/gelber/local-git-projects/ctc-tech/ocs-
inv_ansible-homolog/inventory/hosts.csv:2: Expected key=value host variable assignment,
got: glpi

2025-03-13 16:06:28,679 p=50585 u=gelber n=ansible | [WARNING]: Unable to parse /home/gelber/local-git-projects/ctc-tech/ocs-inv_ansible-
homolog/inventory/hosts.csv as an inventory source

2025-03-13 16:06:29,012 p=50585 u=gelber n=ansible | PLAY [Carregar variáveis globais] *********************************************************
2025-03-13 16:06:29,024 p=50585 u=gelber n=ansible | ERROR! Attempting to decrypt but no vault secrets found
2025-03-13 16:06:40,581 p=50631 u=gelber n=ansible | [WARNING]:  * Failed to parse /home/gelber/local-git-projects/ctc-tech/ocs-inv_ansible-
homolog/inventory/hosts.csv with ini plugin: /home/gelber/local-git-projects/ctc-tech/ocs-
inv_ansible-homolog/inventory/hosts.csv:2: Expected key=value host variable assignment,
got: glpi

2025-03-13 16:06:40,582 p=50631 u=gelber n=ansible | [WARNING]: Unable to parse /home/gelber/local-git-projects/ctc-tech/ocs-inv_ansible-
homolog/inventory/hosts.csv as an inventory source

2025-03-13 16:06:40,862 p=50631 u=gelber n=ansible | PLAY [Carregar variáveis globais] *********************************************************
2025-03-13 16:06:40,943 p=50631 u=gelber n=ansible | TASK [Incluir variáveis do grupo all] *****************************************************
2025-03-13 16:06:40,973 p=50631 u=gelber n=ansible | ok: [host,ip,description,os]
2025-03-13 16:06:40,983 p=50631 u=gelber n=ansible | ok: [srv-app01]
2025-03-13 16:06:41,002 p=50631 u=gelber n=ansible | PLAY [Testar carregamento das variáveis] **************************************************
2025-03-13 16:06:41,013 p=50631 u=gelber n=ansible | TASK [Exibir variáveis do grupo all] ******************************************************
2025-03-13 16:06:41,067 p=50631 u=gelber n=ansible | ok: [host,ip,description,os] => {
    "hostvars[inventory_hostname]": {
        "ansible_become_pass": "vagrant",
        "ansible_check_mode": false,
        "ansible_config_file": "/home/gelber/local-git-projects/ctc-tech/ocs-inv_ansible-homolog/ansible.cfg",
        "ansible_diff_mode": false,
        "ansible_facts": {},
        "ansible_forks": 5,
        "ansible_inventory_sources": [
            "/home/gelber/local-git-projects/ctc-tech/ocs-inv_ansible-homolog/inventory"
        ],
        "ansible_playbook_python": "/usr/bin/python3",
        "ansible_run_tags": [
            "all"
        ],
        "ansible_skip_tags": [],
        "ansible_sudo_pass": "vagrant",
        "ansible_verbosity": 0,
        "ansible_version": {
            "full": "2.16.2",
            "major": 2,
            "minor": 16,
            "revision": 2,
            "string": "2.16.2"
        },
        "backup_dir": "/var/backups/ocs_agent_rollback",
        "enable_rollback": true,
        "group_names": [
            "ungrouped"
        ],
        "groups": {
            "all": [
                "host,ip,description,os",
                "srv-app01"
            ],
            "linux": [
                "srv-app01"
            ],
            "ungrouped": [
                "host,ip,description,os"
            ]
        },
        "http_proxy": "",
        "https_proxy": "",
        "inventory_dir": "/home/gelber/local-git-projects/ctc-tech/ocs-inv_ansible-homolog/inventory",
        "inventory_file": "/home/gelber/local-git-projects/ctc-tech/ocs-inv_ansible-homolog/inventory/hosts.csv",
        "inventory_hostname": "host,ip,description,os",
        "inventory_hostname_short": "host,ip,description,os",
        "local_packages_path": "/home/gelber/local-git-projects/ctc-tech/ocs-inv_ansible-homolog/files/packages",
        "ocs_agent_frequency": "24",
        "ocs_agent_logfile": "/var/log/ocsinventory-agent/ocsinventory-agent.log",
        "ocs_agent_loglevel": "info",
        "ocs_agent_tag": "",
        "ocs_server_host": "10.2.100.50",
        "ocs_server_path": "/ocsinventory",
        "ocs_server_port": "80",
        "ocs_server_protocol": "http",
        "ocs_server_url": "http://10.2.100.50/ocsinventory/",
        "omit": "__omit_place_holder__a907a0e5e606b506b9e8b9594e4a5381a39e2aca",
        "playbook_dir": "/home/gelber/local-git-projects/ctc-tech/ocs-inv_ansible-homolog",
        "use_local_packages": true
    }
}
2025-03-13 16:06:41,082 p=50631 u=gelber n=ansible | ok: [srv-app01] => {
    "hostvars[inventory_hostname]": {
        "ansible_become": true,
        "ansible_become_method": "sudo",
        "ansible_become_pass": "vagrant",
        "ansible_check_mode": false,
        "ansible_config_file": "/home/gelber/local-git-projects/ctc-tech/ocs-inv_ansible-homolog/ansible.cfg",
        "ansible_diff_mode": false,
        "ansible_facts": {},
        "ansible_forks": 5,
        "ansible_host": "10.2.100.41",
        "ansible_inventory_sources": [
            "/home/gelber/local-git-projects/ctc-tech/ocs-inv_ansible-homolog/inventory"
        ],
        "ansible_playbook_python": "/usr/bin/python3",
        "ansible_run_tags": [
            "all"
        ],
        "ansible_skip_tags": [],
        "ansible_sudo_pass": "vagrant",
        "ansible_user": "adm_far",
        "ansible_verbosity": 0,
        "ansible_version": {
            "full": "2.16.2",
            "major": 2,
            "minor": 16,
            "revision": 2,
            "string": "2.16.2"
        },
        "backup_dir": "/var/backups/ocs_agent_rollback",
        "enable_rollback": true,
        "group_names": [
            "linux"
        ],
        "groups": {
            "all": [
                "host,ip,description,os",
                "srv-app01"
            ],
            "linux": [
                "srv-app01"
            ],
            "ungrouped": [
                "host,ip,description,os"
            ]
        },
        "http_proxy": "",
        "https_proxy": "",
        "inventory_dir": "/home/gelber/local-git-projects/ctc-tech/ocs-inv_ansible-homolog/inventory",
        "inventory_file": "/home/gelber/local-git-projects/ctc-tech/ocs-inv_ansible-homolog/inventory/inventory.py",
        "inventory_hostname": "srv-app01",
        "inventory_hostname_short": "srv-app01",
        "local_packages_path": "/home/gelber/local-git-projects/ctc-tech/ocs-inv_ansible-homolog/files/packages",
        "ocs_agent_frequency": "24",
        "ocs_agent_logfile": "/var/log/ocsinventory-agent/ocsinventory-agent.log",
        "ocs_agent_loglevel": "info",
        "ocs_agent_tag": "",
        "ocs_server_host": "10.2.100.50",
        "ocs_server_path": "/ocsinventory",
        "ocs_server_port": "80",
        "ocs_server_protocol": "http",
        "ocs_server_url": "http://10.2.100.50/ocsinventory/",
        "omit": "__omit_place_holder__a907a0e5e606b506b9e8b9594e4a5381a39e2aca",
        "playbook_dir": "/home/gelber/local-git-projects/ctc-tech/ocs-inv_ansible-homolog",
        "use_local_packages": true
    }
}
2025-03-13 16:06:41,095 p=50631 u=gelber n=ansible | PLAY [Pre-flight checks] ******************************************************************
2025-03-13 16:06:41,111 p=50631 u=gelber n=ansible | TASK [Gathering Facts] ********************************************************************
2025-03-13 16:06:41,580 p=50631 u=gelber n=ansible | [WARNING]: Unhandled error in Python interpreter discovery for host
host,ip,description,os: Failed to connect to the host via ssh: ssh: Could not resolve
hostname host,ip,description,os: Name or service not known

2025-03-13 16:06:41,599 p=50631 u=gelber n=ansible | fatal: [host,ip,description,os]: UNREACHABLE! => {"changed": false, "msg": "Data could not be sent to remote host \"host,ip,description,os\". Make sure this host can be reached over ssh: ssh: Could not resolve hostname host,ip,description,os: Name or service not known\r\n", "unreachable": true}
2025-03-13 16:06:42,304 p=50631 u=gelber n=ansible | [WARNING]: Unhandled error in Python interpreter discovery for host srv-app01: Failed to
connect to the host via ssh: adm_far@10.2.100.41: Permission denied (publickey,password).

2025-03-13 16:06:42,938 p=50631 u=gelber n=ansible | fatal: [srv-app01]: UNREACHABLE! => {"changed": false, "msg": "Data could not be sent to remote host \"10.2.100.41\". Make sure this host can be reached over ssh: adm_far@10.2.100.41: Permission denied (publickey,password).\r\n", "unreachable": true}
2025-03-13 16:06:42,939 p=50631 u=gelber n=ansible | PLAY RECAP ********************************************************************************
2025-03-13 16:06:42,939 p=50631 u=gelber n=ansible | host,ip,description,os     : ok=2    changed=0    unreachable=1    failed=0    skipped=0    rescued=0    ignored=0   
2025-03-13 16:06:42,940 p=50631 u=gelber n=ansible | srv-app01                  : ok=2    changed=0    unreachable=1    failed=0    skipped=0    rescued=0    ignored=0   
